<?xml version="1.0" encoding="UTF-8"?>
<testsuite xmlns:xsi="http://www.w3.org/2001/XMLSchema-instance" xsi:noNamespaceSchemaLocation="https://maven.apache.org/surefire/maven-surefire-plugin/xsd/surefire-test-report.xsd" version="3.0.2" name="com.exemplo.AppTest" time="0.062" tests="1" errors="0" skipped="0" failures="0">
  <properties>
[...]
</properties>
  <testcase name="testeSoma" classname="com.exemplo.AppTest" time="0.029">
    <system-out><![CDATA[Novo versão atualizado
]]></system-out>
  </testcase>
</testsuite>